<?xml version="1.0" encoding="UTF-8"?>
<!-- Generated by org.testng.reporters.JUnitXMLReporter -->
<testsuite ignored="1" hostname="MAA2-5CG2320Z8F" failures="2" tests="2" name="Default test(failed)" time="19.599" errors="0" timestamp="2026-03-31T16:27:29 IST">
  <testcase classname="Tests.LoginTest" name="test3" time="5.455">
    <failure type="java.lang.AssertionError" message="Password error message mismatch! expected [Enter your password3] but found [Enter your password]">
      <![CDATA[java.lang.AssertionError: Password error message mismatch! expected [Enter your password3] but found [Enter your password]
at Tests.LoginTest.test3(LoginTest.java:43)
at java.base/java.util.ArrayList.forEach(ArrayList.java:1596)
... Removed 30 stack frames]]>
    </failure>
  </testcase> <!-- test3 -->
  <testcase classname="Tests.LoginTest" name="test2" time="6.233">
    <failure type="java.lang.AssertionError" message="Password error message mismatch! expected [Your password is incorrect3] but found [Your password is incorrect]">
      <![CDATA[java.lang.AssertionError: Password error message mismatch! expected [Your password is incorrect3] but found [Your password is incorrect]
at Tests.LoginTest.test2(LoginTest.java:32)
at java.base/java.util.ArrayList.forEach(ArrayList.java:1596)
... Removed 30 stack frames]]>
    </failure>
  </testcase> <!-- test2 -->
  <testcase classname="Tests.LoginTest" name="test1" time="0.0">
    <ignored/>
  </testcase> <!-- test1 -->
</testsuite> <!-- Default test(failed) -->
