<?xml version="1.0" encoding="UTF-8"?>
<!-- Generated by org.testng.reporters.JUnitReportReporter -->
<testsuite hostname="MAA2-5CG2320Z8F" failures="0" tests="3" name="Tests.CartTest" time="96.139" errors="0" timestamp="2026-04-14T12:09:11 IST" skipped="0">
  <testcase classname="Tests.CartTest" name="addToCartTest" time="37.694"/>
  <testcase classname="Tests.CartTest" name="addMultipleTest" time="40.191"/>
  <testcase classname="Tests.CartTest" name="clearCartTest" time="18.254"/>
</testsuite> <!-- Tests.CartTest -->
