<?xml version="1.0" encoding="UTF-8"?>
<!-- Generated by org.testng.reporters.JUnitReportReporter -->
<testsuite hostname="MAA2-5CG2320Z8F" failures="0" tests="3" name="Tests.LoginTest" time="58.701" errors="0" timestamp="2026-04-09T21:28:05 IST" skipped="0">
  <testcase classname="Tests.LoginTest" name="verifyValidLogin" time="23.873"/>
  <testcase classname="Tests.LoginTest" name="verifyInvalidLogin" time="17.841"/>
  <testcase classname="Tests.LoginTest" name="verifyEmptyPasswordLogin" time="16.987"/>
</testsuite> <!-- Tests.LoginTest -->
