<?xml version="1.0" encoding="UTF-8"?>
<!-- Generated by org.testng.reporters.JUnitReportReporter -->
<testsuite hostname="MAA2-5CG2320Z8F" failures="0" tests="3" name="Tests.ProductTest" time="60.036" errors="0" timestamp="2026-04-09T21:57:50 IST" skipped="0">
  <testcase classname="Tests.ProductTest" name="verifySearchResultsForProduct" time="17.256"/>
  <testcase classname="Tests.ProductTest" name="verifyProductDetailsPage" time="23.444"/>
  <testcase classname="Tests.ProductTest" name="verifyProductDisplayedInSearchResults" time="19.336"/>
</testsuite> <!-- Tests.ProductTest -->
