<?xml version="1.0" encoding="UTF-8"?>
<!-- Generated by org.testng.reporters.JUnitXMLReporter -->
<testsuite ignored="0" hostname="MAA2-5CG2320Z8F" failures="0" tests="3" name="Default test" time="96.29" errors="0" timestamp="2026-04-14T12:09:10 IST">
  <testcase classname="Tests.CartTest" name="addToCartTest" time="30.235"/>
  <testcase classname="Tests.CartTest" name="addMultipleTest" time="34.715"/>
  <testcase classname="Tests.CartTest" name="clearCartTest" time="10.551"/>
</testsuite> <!-- Default test -->
