<?xml version="1.0" encoding="UTF-8"?>
<testng-results ignored="0" total="3" passed="3" failed="0" skipped="0">
  <reporter-output>
  </reporter-output>
  <suite started-at="2026-04-14T12:07:34 IST" name="Default suite" finished-at="2026-04-14T12:09:10 IST" duration-ms="96290">
    <groups>
    </groups>
    <test started-at="2026-04-14T12:07:34 IST" name="Default test" finished-at="2026-04-14T12:09:10 IST" duration-ms="96290">
      <class name="Tests.CartTest">
        <test-method is-config="true" signature="setup()[pri:0, instance:Tests.CartTest@30c15d8b]" started-at="2026-04-14T12:07:34 IST" name="setup" finished-at="2026-04-14T12:07:40 IST" duration-ms="6222" status="PASS">
          <reporter-output>
          </reporter-output>
        </test-method> <!-- setup -->
        <test-method signature="addToCartTest()[pri:1, instance:Tests.CartTest@30c15d8b]" started-at="2026-04-14T12:07:40 IST" name="addToCartTest" finished-at="2026-04-14T12:08:11 IST" duration-ms="30235" status="PASS">
          <reporter-output>
          </reporter-output>
        </test-method> <!-- addToCartTest -->
        <test-method is-config="true" signature="tearDown()[pri:0, instance:Tests.CartTest@30c15d8b]" started-at="2026-04-14T12:08:11 IST" name="tearDown" finished-at="2026-04-14T12:08:12 IST" duration-ms="1237" status="PASS">
          <reporter-output>
          </reporter-output>
        </test-method> <!-- tearDown -->
        <test-method is-config="true" signature="setup()[pri:0, instance:Tests.CartTest@30c15d8b]" started-at="2026-04-14T12:08:12 IST" name="setup" finished-at="2026-04-14T12:08:16 IST" duration-ms="4400" status="PASS">
          <reporter-output>
          </reporter-output>
        </test-method> <!-- setup -->
        <test-method signature="addMultipleTest()[pri:2, instance:Tests.CartTest@30c15d8b]" started-at="2026-04-14T12:08:16 IST" name="addMultipleTest" finished-at="2026-04-14T12:08:51 IST" duration-ms="34715" status="PASS">
          <reporter-output>
          </reporter-output>
        </test-method> <!-- addMultipleTest -->
        <test-method is-config="true" signature="tearDown()[pri:0, instance:Tests.CartTest@30c15d8b]" started-at="2026-04-14T12:08:51 IST" name="tearDown" finished-at="2026-04-14T12:08:52 IST" duration-ms="1455" status="PASS">
          <reporter-output>
          </reporter-output>
        </test-method> <!-- tearDown -->
        <test-method is-config="true" signature="setup()[pri:0, instance:Tests.CartTest@30c15d8b]" started-at="2026-04-14T12:08:53 IST" name="setup" finished-at="2026-04-14T12:08:59 IST" duration-ms="6248" status="PASS">
          <reporter-output>
          </reporter-output>
        </test-method> <!-- setup -->
        <test-method signature="clearCartTest()[pri:3, instance:Tests.CartTest@30c15d8b]" started-at="2026-04-14T12:08:59 IST" name="clearCartTest" finished-at="2026-04-14T12:09:09 IST" duration-ms="10551" status="PASS">
          <reporter-output>
          </reporter-output>
        </test-method> <!-- clearCartTest -->
        <test-method is-config="true" signature="tearDown()[pri:0, instance:Tests.CartTest@30c15d8b]" started-at="2026-04-14T12:09:09 IST" name="tearDown" finished-at="2026-04-14T12:09:10 IST" duration-ms="1076" status="PASS">
          <reporter-output>
          </reporter-output>
        </test-method> <!-- tearDown -->
      </class> <!-- Tests.CartTest -->
    </test> <!-- Default test -->
  </suite> <!-- Default suite -->
</testng-results>
